<?xml version="1.0" encoding="UTF-8"?>
<testsuite xmlns:xsi="http://www.w3.org/2001/XMLSchema-instance" xsi:noNamespaceSchemaLocation="https://maven.apache.org/surefire/maven-surefire-plugin/xsd/surefire-test-report-3.0.xsd" version="3.0" name="com.aplicacion.backendcitas.BackendcitasApplicationTests" time="4.898" tests="1" errors="0" skipped="0" failures="0">
  <properties>
[...]
</properties>
  <testcase name="contextLoads" classname="com.aplicacion.backendcitas.BackendcitasApplicationTests" time="0.493">
    <system-out><![CDATA[15:54:53.620 [main] INFO org.springframework.test.context.support.AnnotationConfigContextLoaderUtils -- Could not detect default configuration classes for test class [com.aplicacion.backendcitas.BackendcitasApplicationTests]: BackendcitasApplicationTests does not declare any static, non-private, non-final, nested classes annotated with @Configuration.
15:54:53.741 [main] INFO org.springframework.boot.test.context.SpringBootTestContextBootstrapper -- Found @SpringBootConfiguration com.aplicacion.backendcitas.BackendcitasApplication for test class com.aplicacion.backendcitas.BackendcitasApplicationTests
15:54:53.885 [main] INFO org.springframework.boot.devtools.restart.RestartApplicationListener -- Restart disabled due to context in which it is running

  .   ____          _            __ _ _
 /\\ / ___'_ __ _ _(_)_ __  __ _ \ \ \ \
( ( )\___ | '_ | '_| | '_ \/ _` | \ \ \ \
 \\/  ___)| |_)| | | | | || (_| |  ) ) ) )
  '  |____| .__|_| |_|_| |_\__, | / / / /
 =========|_|==============|___/=/_/_/_/

 :: Spring Boot ::                (v3.3.6)

2024-12-05T15:54:54.148+01:00  INFO 592373 --- [backendcitas] [           main] c.a.b.BackendcitasApplicationTests       : Starting BackendcitasApplicationTests using Java 21.0.5 with PID 592373 (started by gonzaloma in /home/gonzaloma/Documents/Universidad/Ing_Web/Proyecto/IngenieriaWeb/backendcitas)
2024-12-05T15:54:54.149+01:00  INFO 592373 --- [backendcitas] [           main] c.a.b.BackendcitasApplicationTests       : No active profile set, falling back to 1 default profile: "default"
2024-12-05T15:54:54.598+01:00  INFO 592373 --- [backendcitas] [           main] .s.d.r.c.RepositoryConfigurationDelegate : Bootstrapping Spring Data JPA repositories in DEFAULT mode.
2024-12-05T15:54:54.655+01:00  INFO 592373 --- [backendcitas] [           main] .s.d.r.c.RepositoryConfigurationDelegate : Finished Spring Data repository scanning in 50 ms. Found 4 JPA repository interfaces.
2024-12-05T15:54:55.286+01:00  INFO 592373 --- [backendcitas] [           main] o.hibernate.jpa.internal.util.LogHelper  : HHH000204: Processing PersistenceUnitInfo [name: default]
2024-12-05T15:54:55.340+01:00  INFO 592373 --- [backendcitas] [           main] org.hibernate.Version                    : HHH000412: Hibernate ORM core version 6.5.3.Final
2024-12-05T15:54:55.373+01:00  INFO 592373 --- [backendcitas] [           main] o.h.c.internal.RegionFactoryInitiator    : HHH000026: Second-level cache disabled
2024-12-05T15:54:55.667+01:00  INFO 592373 --- [backendcitas] [           main] o.s.o.j.p.SpringPersistenceUnitInfo      : No LoadTimeWeaver setup: ignoring JPA class transformer
2024-12-05T15:54:55.698+01:00  INFO 592373 --- [backendcitas] [           main] com.zaxxer.hikari.HikariDataSource       : HikariPool-1 - Starting...
2024-12-05T15:54:55.900+01:00  INFO 592373 --- [backendcitas] [           main] com.zaxxer.hikari.pool.HikariPool        : HikariPool-1 - Added connection conn0: url=jdbc:h2:file:./database user=SA
2024-12-05T15:54:55.902+01:00  INFO 592373 --- [backendcitas] [           main] com.zaxxer.hikari.HikariDataSource       : HikariPool-1 - Start completed.
2024-12-05T15:54:56.774+01:00  INFO 592373 --- [backendcitas] [           main] o.h.e.t.j.p.i.JtaPlatformInitiator       : HHH000489: No JTA platform available (set 'hibernate.transaction.jta.platform' to enable JTA platform integration)
Hibernate: 
    drop table if exists cita cascade 
Hibernate: 
    drop table if exists medico cascade 
Hibernate: 
    drop table if exists paciente cascade 
Hibernate: 
    drop table if exists usuario cascade 
Hibernate: 
    create table cita (
        fecha timestamp(6) not null,
        id bigint generated by default as identity,
        medico_id bigint not null,
        paciente_id bigint,
        descripcion varchar(255),
        tipo_cita enum ('CONSULTA','REVISION','URGENCIA'),
        primary key (id),
        unique (medico_id, fecha)
    )
Hibernate: 
    create table medico (
        id bigint generated by default as identity,
        apellidos varchar(255),
        email varchar(255),
        especialidad varchar(255),
        nombre varchar(255),
        telefono varchar(255),
        primary key (id)
    )
Hibernate: 
    create table paciente (
        id bigint generated by default as identity,
        apellidos varchar(255),
        dni varchar(255) unique,
        email varchar(255),
        nombre varchar(255),
        telefono varchar(255),
        primary key (id)
    )
Hibernate: 
    create table usuario (
        id bigint generated by default as identity,
        contrasena varchar(255),
        email varchar(255) unique,
        nombre varchar(255),
        rol enum ('ADMINISTRADOR','MEDICO','PACIENTE'),
        primary key (id)
    )
Hibernate: 
    alter table if exists cita 
       add constraint FKdfrd023l6bdxh9tb21isevvth 
       foreign key (medico_id) 
       references medico
Hibernate: 
    alter table if exists cita 
       add constraint FKdbtp2mwrvqktqu8954d3xaddv 
       foreign key (paciente_id) 
       references paciente
2024-12-05T15:54:56.832+01:00  INFO 592373 --- [backendcitas] [           main] j.LocalContainerEntityManagerFactoryBean : Initialized JPA EntityManagerFactory for persistence unit 'default'
2024-12-05T15:54:57.378+01:00  WARN 592373 --- [backendcitas] [           main] JpaBaseConfiguration$JpaWebConfiguration : spring.jpa.open-in-view is enabled by default. Therefore, database queries may be performed during view rendering. Explicitly configure spring.jpa.open-in-view to disable this warning
2024-12-05T15:54:57.706+01:00  WARN 592373 --- [backendcitas] [           main] ion$DefaultTemplateResolverConfiguration : Cannot find template location: classpath:/templates/ (please add some templates, check your Thymeleaf configuration, or set spring.thymeleaf.check-template-location=false)
2024-12-05T15:54:57.751+01:00  INFO 592373 --- [backendcitas] [           main] o.s.b.a.h2.H2ConsoleAutoConfiguration    : H2 console available at '/h2'. Database available at 'jdbc:h2:file:./database'
2024-12-05T15:54:57.812+01:00  INFO 592373 --- [backendcitas] [           main] c.a.b.BackendcitasApplicationTests       : Started BackendcitasApplicationTests in 3.94 seconds (process running for 4.856)
schema.sql ejecutado correctamente.
data.sql ejecutado correctamente.
]]></system-out>
    <system-err><![CDATA[WARNING: A Java agent has been loaded dynamically (/home/gonzaloma/.m2/repository/net/bytebuddy/byte-buddy-agent/1.14.19/byte-buddy-agent-1.14.19.jar)
WARNING: If a serviceability tool is in use, please run with -XX:+EnableDynamicAgentLoading to hide this warning
WARNING: If a serviceability tool is not in use, please run with -Djdk.instrument.traceUsage for more information
WARNING: Dynamic loading of agents will be disallowed by default in a future release
]]></system-err>
  </testcase>
</testsuite>